<?xml version="1.0" encoding="UTF-8"?>
<!-- Generated by org.testng.reporters.JUnitXMLReporter -->
<testsuite ignored="0" hostname="DESKTOP-7FEGF8Q" failures="0" tests="3" name="Default test" time="40.375" errors="0" timestamp="2022-12-02T16:58:51 IST">
  <testcase classname="neoStoxTestClass.ValidateUserName" name="ValaidateUserName" time="0.336"/>
  <testcase classname="neoStoxTestClass.ValidateUserName" name="ckickOnAnalyzerButton" time="0.648"/>
  <testcase classname="neoStoxTestClass.ValidateUserName" name="validateACbalance" time="0.4"/>
</testsuite> <!-- Default test -->
